  0.001  ID= 1          Ask            
  0.001  ID= 2          Ask            
  0.001  ID= 3          Ask            
  0.002  ID= 4          Ask            
  0.002  ID= 5          Ask            
  0.002  ID= 6          Ask            
  0.002  ID= 7          Ask            
  0.002  ID= 8          Ask            
  0.002  ID= 9          Ask            
  0.002  ID= 10         Ask            
  0.003  ID= 11         Ask            
  0.003  ID= 12         Ask            
  0.003  ID= 13         Ask            
  0.003  ID= 15         Ask            
  0.003  ID= 14         Ask            
  0.003  ID= 16         Ask            
  0.003  ID= 17         Ask            
  0.004  ID= 18         Ask            
  0.004  ID= 19         Ask            
  0.004  ID= 20         Ask            
  0.009  ID= 0          End            
Summary:
  Work              0
  Ask              20
  Receive           0
  Complete          0
  Sleep             0
  Thread  1         0
  Thread  2         0
  Thread  3         0
  Thread  4         0
  Thread  5         0
  Thread  6         0
  Thread  7         0
  Thread  8         0
  Thread  9         0
  Thread 10         0
  Thread 11         0
  Thread 12         0
  Thread 13         0
  Thread 14         0
  Thread 15         0
  Thread 16         0
  Thread 17         0
  Thread 18         0
  Thread 19         0
  Thread 20         0
Transactions per second:0.00
